<?xml version="1.0" encoding="UTF-8"?>
<testsuite name="com.payhere.payhere.repository.AccountBookRepositoryTest" tests="1" skipped="0" failures="0" errors="0" timestamp="2022-12-28T15:36:12" hostname="MacBook-Pro.local" time="0.106">
  <properties/>
  <testcase name="가계부 저장 테스트" classname="com.payhere.payhere.repository.AccountBookRepositoryTest" time="0.106"/>
  <system-out><![CDATA[00:36:10.971 [Test worker] DEBUG org.springframework.boot.test.context.SpringBootTestContextBootstrapper - Neither @ContextConfiguration nor @ContextHierarchy found for test class [AccountBookRepositoryTest]: using SpringBootContextLoader
00:36:10.974 [Test worker] DEBUG org.springframework.test.context.support.AbstractContextLoader - Could not detect default resource locations for test class [com.payhere.payhere.repository.AccountBookRepositoryTest]: no resource found for suffixes {-context.xml, Context.groovy}.
00:36:10.974 [Test worker] INFO org.springframework.test.context.support.AnnotationConfigContextLoaderUtils - Could not detect default configuration classes for test class [com.payhere.payhere.repository.AccountBookRepositoryTest]: AccountBookRepositoryTest does not declare any static, non-private, non-final, nested classes annotated with @Configuration.
00:36:10.987 [Test worker] DEBUG org.springframework.boot.test.context.SpringBootTestContextBootstrapper - Using ContextCustomizers for test class [AccountBookRepositoryTest]: [DisableObservabilityContextCustomizer, PropertyMappingContextCustomizer, Customizer, ExcludeFilterContextCustomizer, DuplicateJsonObjectContextCustomizer, MockitoContextCustomizer, TestRestTemplateContextCustomizer]
00:36:11.027 [Test worker] DEBUG org.springframework.context.annotation.ClassPathScanningCandidateComponentProvider - Identified candidate component class: file [/Users/jingyounglee/Desktop/payhere/payHere/build/classes/java/main/com/payhere/payhere/PayhereApplication.class]
00:36:11.028 [Test worker] INFO org.springframework.boot.test.context.SpringBootTestContextBootstrapper - Found @SpringBootConfiguration com.payhere.payhere.PayhereApplication for test class com.payhere.payhere.repository.AccountBookRepositoryTest
00:36:11.072 [Test worker] DEBUG org.springframework.boot.test.context.SpringBootTestContextBootstrapper - Using TestExecutionListeners for test class [AccountBookRepositoryTest]: [ServletTestExecutionListener, DirtiesContextBeforeModesTestExecutionListener, ApplicationEventsTestExecutionListener, MockitoTestExecutionListener, DependencyInjectionTestExecutionListener, DirtiesContextTestExecutionListener, TransactionalTestExecutionListener, SqlScriptsTestExecutionListener, WithSecurityContextTestExecutionListener, EventPublishingTestExecutionListener, ReactorContextTestExecutionListener, RestDocsTestExecutionListener, MockRestServiceServerResetTestExecutionListener, MockMvcPrintOnlyOnFailureTestExecutionListener, WebDriverTestExecutionListener, MockWebServiceServerTestExecutionListener, ResetMocksTestExecutionListener]
00:36:11.072 [Test worker] DEBUG org.springframework.test.context.support.AbstractDirtiesContextTestExecutionListener - Before test class: class [AccountBookRepositoryTest], class annotated with @DirtiesContext [false] with mode [null]

  .   ____          _            __ _ _
 /\\ / ___'_ __ _ _(_)_ __  __ _ \ \ \ \
( ( )\___ | '_ | '_| | '_ \/ _` | \ \ \ \
 \\/  ___)| |_)| | | | | || (_| |  ) ) ) )
  '  |____| .__|_| |_|_| |_\__, | / / / /
 =========|_|==============|___/=/_/_/_/
 :: Spring Boot ::                (v3.0.1)

2022-12-29T00:36:11.211+09:00  INFO 42455 --- [    Test worker] c.p.p.r.AccountBookRepositoryTest        : Starting AccountBookRepositoryTest using Java 17.0.5 with PID 42455 (started by jingyounglee in /Users/jingyounglee/Desktop/payhere/payHere)
2022-12-29T00:36:11.212+09:00  INFO 42455 --- [    Test worker] c.p.p.r.AccountBookRepositoryTest        : No active profile set, falling back to 1 default profile: "default"
2022-12-29T00:36:11.497+09:00  INFO 42455 --- [    Test worker] .s.d.r.c.RepositoryConfigurationDelegate : Bootstrapping Spring Data JPA repositories in DEFAULT mode.
2022-12-29T00:36:11.526+09:00  INFO 42455 --- [    Test worker] .s.d.r.c.RepositoryConfigurationDelegate : Finished Spring Data repository scanning in 24 ms. Found 1 JPA repository interfaces.
2022-12-29T00:36:11.734+09:00  INFO 42455 --- [    Test worker] o.hibernate.jpa.internal.util.LogHelper  : HHH000204: Processing PersistenceUnitInfo [name: default]
2022-12-29T00:36:11.760+09:00  INFO 42455 --- [    Test worker] org.hibernate.Version                    : HHH000412: Hibernate ORM core version 6.1.6.Final
2022-12-29T00:36:11.838+09:00  WARN 42455 --- [    Test worker] org.hibernate.orm.deprecation            : HHH90000021: Encountered deprecated setting [javax.persistence.sharedCache.mode], use [jakarta.persistence.sharedCache.mode] instead
2022-12-29T00:36:11.897+09:00  INFO 42455 --- [    Test worker] com.zaxxer.hikari.HikariDataSource       : HikariPool-1 - Starting...
2022-12-29T00:36:11.981+09:00  INFO 42455 --- [    Test worker] com.zaxxer.hikari.pool.HikariPool        : HikariPool-1 - Added connection conn0: url=jdbc:h2:mem:testdb user=SA
2022-12-29T00:36:11.982+09:00  INFO 42455 --- [    Test worker] com.zaxxer.hikari.HikariDataSource       : HikariPool-1 - Start completed.
2022-12-29T00:36:12.001+09:00  INFO 42455 --- [    Test worker] SQL dialect                              : HHH000400: Using dialect: org.hibernate.dialect.H2Dialect
Hibernate: 
    
    drop table if exists account_book cascade 
Hibernate: 
    
    drop sequence if exists account_book_seq
Hibernate: create sequence account_book_seq start with 1 increment by 50
Hibernate: 
    
    create table account_book (
       account_book_id bigint not null,
        consumed_detail clob not null,
        consumed_name varchar(50) not null,
        price integer not null,
        primary key (account_book_id)
    )
2022-12-29T00:36:12.355+09:00  INFO 42455 --- [    Test worker] o.h.e.t.j.p.i.JtaPlatformInitiator       : HHH000490: Using JtaPlatform implementation: [org.hibernate.engine.transaction.jta.platform.internal.NoJtaPlatform]
2022-12-29T00:36:12.360+09:00  INFO 42455 --- [    Test worker] j.LocalContainerEntityManagerFactoryBean : Initialized JPA EntityManagerFactory for persistence unit 'default'
2022-12-29T00:36:12.434+09:00  WARN 42455 --- [    Test worker] JpaBaseConfiguration$JpaWebConfiguration : spring.jpa.open-in-view is enabled by default. Therefore, database queries may be performed during view rendering. Explicitly configure spring.jpa.open-in-view to disable this warning
2022-12-29T00:36:12.704+09:00  INFO 42455 --- [    Test worker] o.s.b.a.h2.H2ConsoleAutoConfiguration    : H2 console available at '/h2-console'. Database available at 'jdbc:h2:mem:testdb'
2022-12-29T00:36:12.730+09:00  WARN 42455 --- [    Test worker] .s.s.UserDetailsServiceAutoConfiguration : 

Using generated security password: 7dbb842d-8489-41ea-88ab-d85bed01d51d

This generated password is for development use only. Your security configuration must be updated before running your application in production.

2022-12-29T00:36:12.803+09:00  INFO 42455 --- [    Test worker] o.s.s.web.DefaultSecurityFilterChain     : Will secure any request with [org.springframework.security.web.session.DisableEncodeUrlFilter@309d54ac, org.springframework.security.web.context.request.async.WebAsyncManagerIntegrationFilter@390978, org.springframework.security.web.context.SecurityContextHolderFilter@4779df3d, org.springframework.security.web.header.HeaderWriterFilter@77604a86, org.springframework.security.web.csrf.CsrfFilter@225fb75e, org.springframework.security.web.authentication.logout.LogoutFilter@438a65a7, org.springframework.security.web.authentication.UsernamePasswordAuthenticationFilter@38213efa, org.springframework.security.web.authentication.ui.DefaultLoginPageGeneratingFilter@3fb42ec7, org.springframework.security.web.authentication.ui.DefaultLogoutPageGeneratingFilter@561c031, org.springframework.security.web.authentication.www.BasicAuthenticationFilter@70680f88, org.springframework.security.web.savedrequest.RequestCacheAwareFilter@3ef7fb04, org.springframework.security.web.servletapi.SecurityContextHolderAwareRequestFilter@5ae67f05, org.springframework.security.web.authentication.AnonymousAuthenticationFilter@7343d843, org.springframework.security.web.access.ExceptionTranslationFilter@62977afb, org.springframework.security.web.access.intercept.AuthorizationFilter@2d2fe68a]
2022-12-29T00:36:12.831+09:00  INFO 42455 --- [    Test worker] c.p.p.r.AccountBookRepositoryTest        : Started AccountBookRepositoryTest in 1.738 seconds (process running for 2.351)
Hibernate: 
    select
        next value for account_book_seq
Hibernate: 
    insert 
    into
        account_book
        (consumed_detail, consumed_name, price, account_book_id) 
    values
        (?, ?, ?, ?)
AccountBook(id=1, consumedName=테스트 가계부, price=1000, consumedDetail=테스트 가계부 메모)
]]></system-out>
  <system-err><![CDATA[]]></system-err>
</testsuite>
